<?xml version="1.0" encoding="UTF-8"?>
<!-- Generated by org.testng.reporters.JUnitXMLReporter -->
<testsuite hostname="DESKTOP-CKK8A56" name="Default test" tests="5" failures="0" timestamp="9 Jan 2022 07:40:28 GMT" time="66.598" errors="0">
  <testcase name="runScenario" time="15.893" classname="runner.TestRunnerPageModelDemo"/>
  <testcase name="runScenario" time="12.918" classname="runner.TestRunnerPageModelDemo"/>
  <testcase name="runScenario" time="13.09" classname="runner.TestRunnerPageModelDemo"/>
  <testcase name="runScenario" time="12.34" classname="runner.TestRunnerPageModelDemo"/>
  <testcase name="runScenario" time="11.646" classname="runner.TestRunnerPageModelDemo"/>
</testsuite> <!-- Default test -->
