<?xml version="1.0" encoding="UTF-8"?>
<testng-results skipped="0" failed="0" ignored="0" total="14" passed="14">
  <reporter-output>
  </reporter-output>
  <suite name="Suite" duration-ms="79819" started-at="2022-01-09T15:53:53 SGT" finished-at="2022-01-09T15:55:13 SGT">
    <groups>
      <group name="cucumber">
        <method signature="AbstractTestNGCucumberTests.runScenario(io.cucumber.testng.PickleWrapper,io.cucumber.testng.FeatureWrapper)[pri:0, instance:runner.TestRunnerPageModelDemo@1a3869f4]" name="runScenario" class="io.cucumber.testng.AbstractTestNGCucumberTests"/>
      </group> <!-- cucumber -->
    </groups>
    <test name="Test" duration-ms="79819" started-at="2022-01-09T15:53:53 SGT" finished-at="2022-01-09T15:55:13 SGT">
      <class name="runner.TestRunnerPageModelDemo">
        <test-method status="PASS" signature="setUpClass(org.testng.ITestContext)[pri:0, instance:runner.TestRunnerPageModelDemo@1a3869f4]" name="setUpClass" is-config="true" duration-ms="388" started-at="2022-01-09T15:53:53 SGT" finished-at="2022-01-09T15:53:53 SGT">
          <params>
            <param index="0">
              <value>
                <![CDATA[org.testng.TestRunner@554c4eaa]]>
              </value>
            </param>
          </params>
          <reporter-output>
          </reporter-output>
        </test-method> <!-- setUpClass -->
        <test-method status="PASS" signature="runScenario(io.cucumber.testng.PickleWrapper,io.cucumber.testng.FeatureWrapper)[pri:0, instance:runner.TestRunnerPageModelDemo@1a3869f4]" name="runScenario" duration-ms="18024" started-at="2022-01-09T15:53:53 SGT" description="Runs Cucumber Scenarios" data-provider="scenarios" finished-at="2022-01-09T15:54:11 SGT">
          <params>
            <param index="0">
              <value>
                <![CDATA["verfify the search functionality"]]>
              </value>
            </param>
            <param index="1">
              <value>
                <![CDATA["Optional[Search and Signin Features verification]"]]>
              </value>
            </param>
          </params>
          <reporter-output>
          </reporter-output>
        </test-method> <!-- runScenario -->
        <test-method status="PASS" signature="runScenario(io.cucumber.testng.PickleWrapper,io.cucumber.testng.FeatureWrapper)[pri:0, instance:runner.TestRunnerPageModelDemo@1a3869f4]" name="runScenario" duration-ms="12330" started-at="2022-01-09T15:54:11 SGT" description="Runs Cucumber Scenarios" data-provider="scenarios" finished-at="2022-01-09T15:54:24 SGT">
          <params>
            <param index="0">
              <value>
                <![CDATA["verfify the signin functionality"]]>
              </value>
            </param>
            <param index="1">
              <value>
                <![CDATA["Optional[Search and Signin Features verification]"]]>
              </value>
            </param>
          </params>
          <reporter-output>
          </reporter-output>
        </test-method> <!-- runScenario -->
        <test-method status="PASS" signature="runScenario(io.cucumber.testng.PickleWrapper,io.cucumber.testng.FeatureWrapper)[pri:0, instance:runner.TestRunnerPageModelDemo@1a3869f4]" name="runScenario" duration-ms="11370" started-at="2022-01-09T15:54:24 SGT" description="Runs Cucumber Scenarios" data-provider="scenarios" finished-at="2022-01-09T15:54:35 SGT">
          <params>
            <param index="0">
              <value>
                <![CDATA["verfify the signin functionality"]]>
              </value>
            </param>
            <param index="1">
              <value>
                <![CDATA["Optional[Search and Signin Features verification]"]]>
              </value>
            </param>
          </params>
          <reporter-output>
          </reporter-output>
        </test-method> <!-- runScenario -->
        <test-method status="PASS" signature="runScenario(io.cucumber.testng.PickleWrapper,io.cucumber.testng.FeatureWrapper)[pri:0, instance:runner.TestRunnerPageModelDemo@1a3869f4]" name="runScenario" duration-ms="11598" started-at="2022-01-09T15:54:35 SGT" description="Runs Cucumber Scenarios" data-provider="scenarios" finished-at="2022-01-09T15:54:47 SGT">
          <params>
            <param index="0">
              <value>
                <![CDATA["verfify the signin functionality"]]>
              </value>
            </param>
            <param index="1">
              <value>
                <![CDATA["Optional[Search and Signin Features verification]"]]>
              </value>
            </param>
          </params>
          <reporter-output>
          </reporter-output>
        </test-method> <!-- runScenario -->
        <test-method status="PASS" signature="runScenario(io.cucumber.testng.PickleWrapper,io.cucumber.testng.FeatureWrapper)[pri:0, instance:runner.TestRunnerPageModelDemo@1a3869f4]" name="runScenario" duration-ms="14142" started-at="2022-01-09T15:54:47 SGT" description="Runs Cucumber Scenarios" data-provider="scenarios" finished-at="2022-01-09T15:55:01 SGT">
          <params>
            <param index="0">
              <value>
                <![CDATA["verfify the signin functionality"]]>
              </value>
            </param>
            <param index="1">
              <value>
                <![CDATA["Optional[Search and Signin Features verification]"]]>
              </value>
            </param>
          </params>
          <reporter-output>
          </reporter-output>
        </test-method> <!-- runScenario -->
        <test-method status="PASS" signature="runScenario(io.cucumber.testng.PickleWrapper,io.cucumber.testng.FeatureWrapper)[pri:0, instance:runner.TestRunnerPageModelDemo@1a3869f4]" name="runScenario" duration-ms="11893" started-at="2022-01-09T15:55:01 SGT" description="Runs Cucumber Scenarios" data-provider="scenarios" finished-at="2022-01-09T15:55:13 SGT">
          <params>
            <param index="0">
              <value>
                <![CDATA["verfify the signin functionality"]]>
              </value>
            </param>
            <param index="1">
              <value>
                <![CDATA["Optional[Search and Signin Features verification]"]]>
              </value>
            </param>
          </params>
          <reporter-output>
          </reporter-output>
        </test-method> <!-- runScenario -->
        <test-method status="PASS" signature="tearDownClass()[pri:0, instance:runner.TestRunnerPageModelDemo@1a3869f4]" name="tearDownClass" is-config="true" duration-ms="17" started-at="2022-01-09T15:55:13 SGT" finished-at="2022-01-09T15:55:13 SGT">
          <reporter-output>
          </reporter-output>
        </test-method> <!-- tearDownClass -->
      </class> <!-- runner.TestRunnerPageModelDemo -->
    </test> <!-- Test -->
  </suite> <!-- Suite -->
  <suite name="Suite (0)" duration-ms="25878" started-at="2022-01-09T15:55:13 SGT" finished-at="2022-01-09T15:55:39 SGT">
    <groups>
      <group name="cucumber">
        <method signature="AbstractTestNGCucumberTests.runScenario(io.cucumber.testng.PickleWrapper,io.cucumber.testng.FeatureWrapper)[pri:0, instance:runner.TestRunner@25bbf683]" name="runScenario" class="io.cucumber.testng.AbstractTestNGCucumberTests"/>
      </group> <!-- cucumber -->
    </groups>
    <test name="Test" duration-ms="25878" started-at="2022-01-09T15:55:13 SGT" finished-at="2022-01-09T15:55:39 SGT">
      <class name="runner.TestRunner">
        <test-method status="PASS" signature="initsuite()[pri:0, instance:runner.TestRunner@25bbf683]" name="initsuite" is-config="true" duration-ms="0" started-at="2022-01-09T15:55:13 SGT" finished-at="2022-01-09T15:55:13 SGT">
          <reporter-output>
          </reporter-output>
        </test-method> <!-- initsuite -->
        <test-method status="PASS" signature="initTest()[pri:0, instance:runner.TestRunner@25bbf683]" name="initTest" is-config="true" duration-ms="0" started-at="2022-01-09T15:55:13 SGT" finished-at="2022-01-09T15:55:13 SGT">
          <reporter-output>
          </reporter-output>
        </test-method> <!-- initTest -->
        <test-method status="PASS" signature="setUpClass(org.testng.ITestContext)[pri:0, instance:runner.TestRunner@25bbf683]" name="setUpClass" is-config="true" duration-ms="43" started-at="2022-01-09T15:55:13 SGT" finished-at="2022-01-09T15:55:13 SGT">
          <params>
            <param index="0">
              <value>
                <![CDATA[org.testng.TestRunner@29fd8e67]]>
              </value>
            </param>
          </params>
          <reporter-output>
          </reporter-output>
        </test-method> <!-- setUpClass -->
        <test-method status="PASS" signature="initClass()[pri:0, instance:runner.TestRunner@25bbf683]" name="initClass" is-config="true" duration-ms="1" started-at="2022-01-09T15:55:13 SGT" finished-at="2022-01-09T15:55:13 SGT">
          <reporter-output>
          </reporter-output>
        </test-method> <!-- initClass -->
        <test-method status="PASS" signature="runScenario(io.cucumber.testng.PickleWrapper,io.cucumber.testng.FeatureWrapper)[pri:0, instance:runner.TestRunner@25bbf683]" name="runScenario" duration-ms="3243" started-at="2022-01-09T15:55:13 SGT" description="Runs Cucumber Scenarios" data-provider="scenarios" finished-at="2022-01-09T15:55:16 SGT">
          <params>
            <param index="0">
              <value>
                <![CDATA["Login verfication with valid test data"]]>
              </value>
            </param>
            <param index="1">
              <value>
                <![CDATA["Optional[Title of your feature]"]]>
              </value>
            </param>
          </params>
          <reporter-output>
          </reporter-output>
        </test-method> <!-- runScenario -->
        <test-method status="PASS" signature="runScenario(io.cucumber.testng.PickleWrapper,io.cucumber.testng.FeatureWrapper)[pri:0, instance:runner.TestRunner@25bbf683]" name="runScenario" duration-ms="3296" started-at="2022-01-09T15:55:16 SGT" description="Runs Cucumber Scenarios" data-provider="scenarios" finished-at="2022-01-09T15:55:19 SGT">
          <params>
            <param index="0">
              <value>
                <![CDATA["Login verfication with invalid test data"]]>
              </value>
            </param>
            <param index="1">
              <value>
                <![CDATA["Optional[Title of your feature]"]]>
              </value>
            </param>
          </params>
          <reporter-output>
          </reporter-output>
        </test-method> <!-- runScenario -->
        <test-method status="PASS" signature="runScenario(io.cucumber.testng.PickleWrapper,io.cucumber.testng.FeatureWrapper)[pri:0, instance:runner.TestRunner@25bbf683]" name="runScenario" duration-ms="3324" started-at="2022-01-09T15:55:19 SGT" description="Runs Cucumber Scenarios" data-provider="scenarios" finished-at="2022-01-09T15:55:23 SGT">
          <params>
            <param index="0">
              <value>
                <![CDATA["Example of Scenario Ouline"]]>
              </value>
            </param>
            <param index="1">
              <value>
                <![CDATA["Optional[Title of your feature]"]]>
              </value>
            </param>
          </params>
          <reporter-output>
          </reporter-output>
        </test-method> <!-- runScenario -->
        <test-method status="PASS" signature="runScenario(io.cucumber.testng.PickleWrapper,io.cucumber.testng.FeatureWrapper)[pri:0, instance:runner.TestRunner@25bbf683]" name="runScenario" duration-ms="3212" started-at="2022-01-09T15:55:23 SGT" description="Runs Cucumber Scenarios" data-provider="scenarios" finished-at="2022-01-09T15:55:26 SGT">
          <params>
            <param index="0">
              <value>
                <![CDATA["Example of Scenario Ouline"]]>
              </value>
            </param>
            <param index="1">
              <value>
                <![CDATA["Optional[Title of your feature]"]]>
              </value>
            </param>
          </params>
          <reporter-output>
          </reporter-output>
        </test-method> <!-- runScenario -->
        <test-method status="PASS" signature="runScenario(io.cucumber.testng.PickleWrapper,io.cucumber.testng.FeatureWrapper)[pri:0, instance:runner.TestRunner@25bbf683]" name="runScenario" duration-ms="3244" started-at="2022-01-09T15:55:26 SGT" description="Runs Cucumber Scenarios" data-provider="scenarios" finished-at="2022-01-09T15:55:29 SGT">
          <params>
            <param index="0">
              <value>
                <![CDATA["Example of Scenario Ouline"]]>
              </value>
            </param>
            <param index="1">
              <value>
                <![CDATA["Optional[Title of your feature]"]]>
              </value>
            </param>
          </params>
          <reporter-output>
          </reporter-output>
        </test-method> <!-- runScenario -->
        <test-method status="PASS" signature="runScenario(io.cucumber.testng.PickleWrapper,io.cucumber.testng.FeatureWrapper)[pri:0, instance:runner.TestRunner@25bbf683]" name="runScenario" duration-ms="3202" started-at="2022-01-09T15:55:29 SGT" description="Runs Cucumber Scenarios" data-provider="scenarios" finished-at="2022-01-09T15:55:32 SGT">
          <params>
            <param index="0">
              <value>
                <![CDATA["Example of Scenario Ouline"]]>
              </value>
            </param>
            <param index="1">
              <value>
                <![CDATA["Optional[Title of your feature]"]]>
              </value>
            </param>
          </params>
          <reporter-output>
          </reporter-output>
        </test-method> <!-- runScenario -->
        <test-method status="PASS" signature="runScenario(io.cucumber.testng.PickleWrapper,io.cucumber.testng.FeatureWrapper)[pri:0, instance:runner.TestRunner@25bbf683]" name="runScenario" duration-ms="3173" started-at="2022-01-09T15:55:32 SGT" description="Runs Cucumber Scenarios" data-provider="scenarios" finished-at="2022-01-09T15:55:36 SGT">
          <params>
            <param index="0">
              <value>
                <![CDATA["Example of Scenario Ouline"]]>
              </value>
            </param>
            <param index="1">
              <value>
                <![CDATA["Optional[Title of your feature]"]]>
              </value>
            </param>
          </params>
          <reporter-output>
          </reporter-output>
        </test-method> <!-- runScenario -->
        <test-method status="PASS" signature="runScenario(io.cucumber.testng.PickleWrapper,io.cucumber.testng.FeatureWrapper)[pri:0, instance:runner.TestRunner@25bbf683]" name="runScenario" duration-ms="3124" started-at="2022-01-09T15:55:36 SGT" description="Runs Cucumber Scenarios" data-provider="scenarios" finished-at="2022-01-09T15:55:39 SGT">
          <params>
            <param index="0">
              <value>
                <![CDATA["New User Registration example"]]>
              </value>
            </param>
            <param index="1">
              <value>
                <![CDATA["Optional[Title of your feature]"]]>
              </value>
            </param>
          </params>
          <reporter-output>
          </reporter-output>
        </test-method> <!-- runScenario -->
        <test-method status="PASS" signature="tearClass()[pri:0, instance:runner.TestRunner@25bbf683]" name="tearClass" is-config="true" duration-ms="1" started-at="2022-01-09T15:55:39 SGT" finished-at="2022-01-09T15:55:39 SGT">
          <reporter-output>
          </reporter-output>
        </test-method> <!-- tearClass -->
        <test-method status="PASS" signature="tearDownClass()[pri:0, instance:runner.TestRunner@25bbf683]" name="tearDownClass" is-config="true" duration-ms="3" started-at="2022-01-09T15:55:39 SGT" finished-at="2022-01-09T15:55:39 SGT">
          <reporter-output>
          </reporter-output>
        </test-method> <!-- tearDownClass -->
        <test-method status="PASS" signature="tearTest()[pri:0, instance:runner.TestRunner@25bbf683]" name="tearTest" is-config="true" duration-ms="1" started-at="2022-01-09T15:55:39 SGT" finished-at="2022-01-09T15:55:39 SGT">
          <reporter-output>
          </reporter-output>
        </test-method> <!-- tearTest -->
        <test-method status="PASS" signature="tearsuite()[pri:0, instance:runner.TestRunner@25bbf683]" name="tearsuite" is-config="true" duration-ms="0" started-at="2022-01-09T15:55:39 SGT" finished-at="2022-01-09T15:55:39 SGT">
          <reporter-output>
          </reporter-output>
        </test-method> <!-- tearsuite -->
      </class> <!-- runner.TestRunner -->
    </test> <!-- Test -->
  </suite> <!-- Suite (0) -->
</testng-results>
