<?xml version="1.0" encoding="UTF-8"?>
<testng-results skipped="0" failed="0" total="5" passed="5">
  <reporter-output>
  </reporter-output>
  <suite name="Default suite" duration-ms="66598" started-at="2022-01-09T07:39:22Z" finished-at="2022-01-09T07:40:28Z">
    <groups>
      <group name="cucumber">
        <method signature="AbstractTestNGCucumberTests.runScenario(io.cucumber.testng.PickleWrapper, io.cucumber.testng.FeatureWrapper)[pri:0, instance:runner.TestRunnerPageModelDemo@5383967b]" name="runScenario" class="io.cucumber.testng.AbstractTestNGCucumberTests"/>
      </group> <!-- cucumber -->
    </groups>
    <test name="Default test" duration-ms="66598" started-at="2022-01-09T07:39:22Z" finished-at="2022-01-09T07:40:28Z">
      <class name="runner.TestRunnerPageModelDemo">
        <test-method status="PASS" signature="setUpClass(org.testng.ITestContext)[pri:0, instance:runner.TestRunnerPageModelDemo@5383967b]" name="setUpClass" is-config="true" duration-ms="638" started-at="2022-01-09T15:39:22Z" finished-at="2022-01-09T15:39:22Z">
          <params>
            <param index="0">
              <value>
                <![CDATA[org.testng.TestRunner@2aeefcc]]>
              </value>
            </param>
          </params>
          <reporter-output>
          </reporter-output>
        </test-method> <!-- setUpClass -->
        <test-method status="PASS" signature="runScenario(io.cucumber.testng.PickleWrapper, io.cucumber.testng.FeatureWrapper)[pri:0, instance:runner.TestRunnerPageModelDemo@5383967b]" name="runScenario" duration-ms="15893" started-at="2022-01-09T15:39:22Z" description="Runs Cucumber Scenarios" data-provider="scenarios" finished-at="2022-01-09T15:39:38Z">
          <params>
            <param index="0">
              <value>
                <![CDATA["verfify the signin functionality"]]>
              </value>
            </param>
            <param index="1">
              <value>
                <![CDATA["Optional[Search and Signin Features verification]"]]>
              </value>
            </param>
          </params>
          <reporter-output>
          </reporter-output>
        </test-method> <!-- runScenario -->
        <test-method status="PASS" signature="runScenario(io.cucumber.testng.PickleWrapper, io.cucumber.testng.FeatureWrapper)[pri:0, instance:runner.TestRunnerPageModelDemo@5383967b]" name="runScenario" duration-ms="12918" started-at="2022-01-09T15:39:38Z" description="Runs Cucumber Scenarios" data-provider="scenarios" finished-at="2022-01-09T15:39:51Z">
          <params>
            <param index="0">
              <value>
                <![CDATA["verfify the signin functionality"]]>
              </value>
            </param>
            <param index="1">
              <value>
                <![CDATA["Optional[Search and Signin Features verification]"]]>
              </value>
            </param>
          </params>
          <reporter-output>
          </reporter-output>
        </test-method> <!-- runScenario -->
        <test-method status="PASS" signature="runScenario(io.cucumber.testng.PickleWrapper, io.cucumber.testng.FeatureWrapper)[pri:0, instance:runner.TestRunnerPageModelDemo@5383967b]" name="runScenario" duration-ms="13090" started-at="2022-01-09T15:39:51Z" description="Runs Cucumber Scenarios" data-provider="scenarios" finished-at="2022-01-09T15:40:04Z">
          <params>
            <param index="0">
              <value>
                <![CDATA["verfify the signin functionality"]]>
              </value>
            </param>
            <param index="1">
              <value>
                <![CDATA["Optional[Search and Signin Features verification]"]]>
              </value>
            </param>
          </params>
          <reporter-output>
          </reporter-output>
        </test-method> <!-- runScenario -->
        <test-method status="PASS" signature="runScenario(io.cucumber.testng.PickleWrapper, io.cucumber.testng.FeatureWrapper)[pri:0, instance:runner.TestRunnerPageModelDemo@5383967b]" name="runScenario" duration-ms="12340" started-at="2022-01-09T15:40:04Z" description="Runs Cucumber Scenarios" data-provider="scenarios" finished-at="2022-01-09T15:40:17Z">
          <params>
            <param index="0">
              <value>
                <![CDATA["verfify the signin functionality"]]>
              </value>
            </param>
            <param index="1">
              <value>
                <![CDATA["Optional[Search and Signin Features verification]"]]>
              </value>
            </param>
          </params>
          <reporter-output>
          </reporter-output>
        </test-method> <!-- runScenario -->
        <test-method status="PASS" signature="runScenario(io.cucumber.testng.PickleWrapper, io.cucumber.testng.FeatureWrapper)[pri:0, instance:runner.TestRunnerPageModelDemo@5383967b]" name="runScenario" duration-ms="11646" started-at="2022-01-09T15:40:17Z" description="Runs Cucumber Scenarios" data-provider="scenarios" finished-at="2022-01-09T15:40:28Z">
          <params>
            <param index="0">
              <value>
                <![CDATA["verfify the signin functionality"]]>
              </value>
            </param>
            <param index="1">
              <value>
                <![CDATA["Optional[Search and Signin Features verification]"]]>
              </value>
            </param>
          </params>
          <reporter-output>
          </reporter-output>
        </test-method> <!-- runScenario -->
        <test-method status="PASS" signature="tearDownClass()[pri:0, instance:runner.TestRunnerPageModelDemo@5383967b]" name="tearDownClass" is-config="true" duration-ms="13" started-at="2022-01-09T15:40:28Z" finished-at="2022-01-09T15:40:28Z">
          <reporter-output>
          </reporter-output>
        </test-method> <!-- tearDownClass -->
      </class> <!-- runner.TestRunnerPageModelDemo -->
    </test> <!-- Default test -->
  </suite> <!-- Default suite -->
</testng-results>
